<?xml version="1.0" encoding="UTF-8"?>
<!-- Generated by org.testng.reporters.JUnitReportReporter -->
<testsuite hostname="DESKTOP-TQ7CKSA" failures="0" tests="3" name="loanapplications.HomeLoanApplicationTests" time="0.009" errors="0" timestamp="2022-09-27T12:19:43 IST" skipped="0">
  <testcase classname="loanapplications.HomeLoanApplicationTests" name="HomeLoanLoginWeb" time="0.002"/>
  <system-out/>
  <testcase classname="loanapplications.HomeLoanApplicationTests" name="HomeLoanLoginAPI" time="0.004"/>
  <system-out/>
  <testcase classname="loanapplications.HomeLoanApplicationTests" name="HomeLoanLoginMobile" time="0.003"/>
  <system-out/>
</testsuite> <!-- loanapplications.HomeLoanApplicationTests -->
