<?xml version="1.0" encoding="UTF-8"?>
<!-- Generated by org.testng.reporters.JUnitReportReporter -->
<testsuite hostname="DESKTOP-TQ7CKSA" failures="0" tests="3" name="loanapplications.PersonalLoanApplicationTests" time="0.021" errors="0" timestamp="2022-10-02T12:36:23 IST" skipped="0">
  <testcase classname="loanapplications.PersonalLoanApplicationTests" name="PersonalLoanLoginAPI" time="0.015"/>
  <system-out/>
  <testcase classname="loanapplications.PersonalLoanApplicationTests" name="PersonalLoanLoginMobile" time="0.004"/>
  <system-out/>
  <testcase classname="loanapplications.PersonalLoanApplicationTests" name="PersonalLoanLoginWeb" time="0.002"/>
  <system-out/>
</testsuite> <!-- loanapplications.PersonalLoanApplicationTests -->
